# JRE version: Java(TM) SE Runtime Environment (8.0_141-b15) (build 1.8.0_141-b15)
# Java VM: Java HotSpot(TM) 64-Bit Server VM (25.141-b15 mixed mode windows-amd64 compressed oops)
Heap:
 PSYoungGen      total 18944K, used 11094K [0x00000000eb180000, 0x00000000ec680000, 0x0000000100000000)
  eden space 16384K, 52% used [0x00000000eb180000,0x00000000eb9f58c8,0x00000000ec180000)
  from space 2560K, 95% used [0x00000000ec400000,0x00000000ec660020,0x00000000ec680000)
  to   space 2560K, 0% used [0x00000000ec180000,0x00000000ec180000,0x00000000ec400000)
 ParOldGen       total 51712K, used 18755K [0x00000000c1400000, 0x00000000c4680000, 0x00000000eb180000)
  object space 51712K, 36% used [0x00000000c1400000,0x00000000c2650e18,0x00000000c4680000)
 Metaspace       used 13710K, capacity 13966K, committed 14208K, reserved 1060864K
  class space    used 1731K, capacity 1807K, committed 1920K, reserved 1048576K
GC Heap History (10 events):
Event: 2.399 GC heap before
{Heap before GC invocations=1 (full 0):
 PSYoungGen      total 18944K, used 15870K [0x00000000eb180000, 0x00000000ec680000, 0x0000000100000000)
  eden space 16384K, 96% used [0x00000000eb180000,0x00000000ec0ff9c8,0x00000000ec180000)
  from space 2560K, 0% used [0x00000000ec400000,0x00000000ec400000,0x00000000ec680000)
  to   space 2560K, 0% used [0x00000000ec180000,0x00000000ec180000,0x00000000ec400000)
 ParOldGen       total 44032K, used 0K [0x00000000c1400000, 0x00000000c3f00000, 0x00000000eb180000)
  object space 44032K, 0% used [0x00000000c1400000,0x00000000c1400000,0x00000000c3f00000)
 Metaspace       used 11521K, capacity 11760K, committed 12160K, reserved 1060864K
  class space    used 1467K, capacity 1546K, committed 1664K, reserved 1048576K
Event: 2.409 GC heap after
Heap after GC invocations=1 (full 0):
 PSYoungGen      total 18944K, used 2208K [0x00000000eb180000, 0x00000000ec680000, 0x0000000100000000)
  eden space 16384K, 0% used [0x00000000eb180000,0x00000000eb180000,0x00000000ec180000)
  from space 2560K, 86% used [0x00000000ec180000,0x00000000ec3a8000,0x00000000ec400000)
  to   space 2560K, 0% used [0x00000000ec400000,0x00000000ec400000,0x00000000ec680000)
 ParOldGen       total 44032K, used 12095K [0x00000000c1400000, 0x00000000c3f00000, 0x00000000eb180000)
  object space 44032K, 27% used [0x00000000c1400000,0x00000000c1fcff60,0x00000000c3f00000)
 Metaspace       used 11521K, capacity 11760K, committed 12160K, reserved 1060864K
  class space    used 1467K, capacity 1546K, committed 1664K, reserved 1048576K
}
Event: 6.032 GC heap before
{Heap before GC invocations=2 (full 0):
 PSYoungGen      total 18944K, used 18592K [0x00000000eb180000, 0x00000000ec680000, 0x0000000100000000)
  eden space 16384K, 100% used [0x00000000eb180000,0x00000000ec180000,0x00000000ec180000)
  from space 2560K, 86% used [0x00000000ec180000,0x00000000ec3a8000,0x00000000ec400000)
  to   space 2560K, 0% used [0x00000000ec400000,0x00000000ec400000,0x00000000ec680000)
 ParOldGen       total 44032K, used 12095K [0x00000000c1400000, 0x00000000c3f00000, 0x00000000eb180000)
  object space 44032K, 27% used [0x00000000c1400000,0x00000000c1fcff60,0x00000000c3f00000)
 Metaspace       used 12793K, capacity 12960K, committed 13312K, reserved 1060864K
  class space    used 1650K, capacity 1710K, committed 1792K, reserved 1048576K
Event: 6.042 GC heap after
Heap after GC invocations=2 (full 0):
 PSYoungGen      total 18944K, used 2560K [0x00000000eb180000, 0x00000000ec680000, 0x0000000100000000)
  eden space 16384K, 0% used [0x00000000eb180000,0x00000000eb180000,0x00000000ec180000)
  from space 2560K, 100% used [0x00000000ec400000,0x00000000ec680000,0x00000000ec680000)
  to   space 2560K, 0% used [0x00000000ec180000,0x00000000ec180000,0x00000000ec400000)
 ParOldGen       total 44032K, used 25418K [0x00000000c1400000, 0x00000000c3f00000, 0x00000000eb180000)
  object space 44032K, 57% used [0x00000000c1400000,0x00000000c2cd2ba0,0x00000000c3f00000)
 Metaspace       used 12793K, capacity 12960K, committed 13312K, reserved 1060864K
  class space    used 1650K, capacity 1710K, committed 1792K, reserved 1048576K
}
Event: 10.972 GC heap before
{Heap before GC invocations=3 (full 0):
 PSYoungGen      total 18944K, used 18944K [0x00000000eb180000, 0x00000000ec680000, 0x0000000100000000)
  eden space 16384K, 100% used [0x00000000eb180000,0x00000000ec180000,0x00000000ec180000)
  from space 2560K, 100% used [0x00000000ec400000,0x00000000ec680000,0x00000000ec680000)
  to   space 2560K, 0% used [0x00000000ec180000,0x00000000ec180000,0x00000000ec400000)
 ParOldGen       total 44032K, used 25418K [0x00000000c1400000, 0x00000000c3f00000, 0x00000000eb180000)
  object space 44032K, 57% used [0x00000000c1400000,0x00000000c2cd2ba0,0x00000000c3f00000)
 Metaspace       used 13338K, capacity 13536K, committed 13824K, reserved 1060864K
  class space    used 1705K, capacity 1774K, committed 1792K, reserved 1048576K
Event: 10.987 GC heap after
Heap after GC invocations=3 (full 0):
 PSYoungGen      total 18944K, used 2532K [0x00000000eb180000, 0x00000000ec680000, 0x0000000100000000)
  eden space 16384K, 0% used [0x00000000eb180000,0x00000000eb180000,0x00000000ec180000)
  from space 2560K, 98% used [0x00000000ec180000,0x00000000ec3f9350,0x00000000ec400000)
  to   space 2560K, 0% used [0x00000000ec400000,0x00000000ec400000,0x00000000ec680000)
 ParOldGen       total 44032K, used 29668K [0x00000000c1400000, 0x00000000c3f00000, 0x00000000eb180000)
  object space 44032K, 67% used [0x00000000c1400000,0x00000000c30f90b0,0x00000000c3f00000)
 Metaspace       used 13338K, capacity 13536K, committed 13824K, reserved 1060864K
  class space    used 1705K, capacity 1774K, committed 1792K, reserved 1048576K
}
Event: 10.987 GC heap before
{Heap before GC invocations=4 (full 1):
 PSYoungGen      total 18944K, used 2532K [0x00000000eb180000, 0x00000000ec680000, 0x0000000100000000)
  eden space 16384K, 0% used [0x00000000eb180000,0x00000000eb180000,0x00000000ec180000)
  from space 2560K, 98% used [0x00000000ec180000,0x00000000ec3f9350,0x00000000ec400000)
  to   space 2560K, 0% used [0x00000000ec400000,0x00000000ec400000,0x00000000ec680000)
 ParOldGen       total 44032K, used 29668K [0x00000000c1400000, 0x00000000c3f00000, 0x00000000eb180000)
  object space 44032K, 67% used [0x00000000c1400000,0x00000000c30f90b0,0x00000000c3f00000)
 Metaspace       used 13338K, capacity 13536K, committed 13824K, reserved 1060864K
  class space    used 1705K, capacity 1774K, committed 1792K, reserved 1048576K
Event: 11.038 GC heap after
Heap after GC invocations=4 (full 1):
 PSYoungGen      total 18944K, used 0K [0x00000000eb180000, 0x00000000ec680000, 0x0000000100000000)
  eden space 16384K, 0% used [0x00000000eb180000,0x00000000eb180000,0x00000000ec180000)
  from space 2560K, 0% used [0x00000000ec180000,0x00000000ec180000,0x00000000ec400000)
  to   space 2560K, 0% used [0x00000000ec400000,0x00000000ec400000,0x00000000ec680000)
 ParOldGen       total 51712K, used 18747K [0x00000000c1400000, 0x00000000c4680000, 0x00000000eb180000)
  object space 51712K, 36% used [0x00000000c1400000,0x00000000c264ee18,0x00000000c4680000)
 Metaspace       used 13338K, capacity 13536K, committed 13824K, reserved 1060864K
  class space    used 1705K, capacity 1774K, committed 1792K, reserved 1048576K
}
Event: 13.767 GC heap before
{Heap before GC invocations=5 (full 1):
 PSYoungGen      total 18944K, used 16384K [0x00000000eb180000, 0x00000000ec680000, 0x0000000100000000)
  eden space 16384K, 100% used [0x00000000eb180000,0x00000000ec180000,0x00000000ec180000)
  from space 2560K, 0% used [0x00000000ec180000,0x00000000ec180000,0x00000000ec400000)
  to   space 2560K, 0% used [0x00000000ec400000,0x00000000ec400000,0x00000000ec680000)
 ParOldGen       total 51712K, used 18747K [0x00000000c1400000, 0x00000000c4680000, 0x00000000eb180000)
  object space 51712K, 36% used [0x00000000c1400000,0x00000000c264ee18,0x00000000c4680000)
 Metaspace       used 13396K, capacity 13600K, committed 13824K, reserved 1060864K
  class space    used 1705K, capacity 1774K, committed 1792K, reserved 1048576K
Event: 13.770 GC heap after
Heap after GC invocations=5 (full 1):
 PSYoungGen      total 18944K, used 2432K [0x00000000eb180000, 0x00000000ec680000, 0x0000000100000000)
  eden space 16384K, 0% used [0x00000000eb180000,0x00000000eb180000,0x00000000ec180000)
  from space 2560K, 95% used [0x00000000ec400000,0x00000000ec660020,0x00000000ec680000)
  to   space 2560K, 0% used [0x00000000ec180000,0x00000000ec180000,0x00000000ec400000)
 ParOldGen       total 51712K, used 18755K [0x00000000c1400000, 0x00000000c4680000, 0x00000000eb180000)
  object space 51712K, 36% used [0x00000000c1400000,0x00000000c2650e18,0x00000000c4680000)
 Metaspace       used 13396K, capacity 13600K, committed 13824K, reserved 1060864K
  class space    used 1705K, capacity 1774K, committed 1792K, reserved 1048576K
}

